
  .   ____          _            __ _ _
 /\\ / ___'_ __ _ _(_)_ __  __ _ \ \ \ \
( ( )\___ | '_ | '_| | '_ \/ _` | \ \ \ \
 \\/  ___)| |_)| | | | | || (_| |  ) ) ) )
  '  |____| .__|_| |_|_| |_\__, | / / / /
 =========|_|==============|___/=/_/_/_/
 :: Spring Boot ::        (v1.4.2.RELEASE)

2016-11-17 18:36:31.448  INFO 45594 --- [           main] com.webapp.main.Application              : Starting Application v0.1.0 on SJP2S1-C02NXGWGF8J2-D.local with PID 45594 (/Users/NI362849/Documents/workspace/WAController/webapp1-0.1.0.jar started by NI362849 in /Users/NI362849/Documents/workspace/gs-actuator-service/initial)
2016-11-17 18:36:31.451  INFO 45594 --- [           main] com.webapp.main.Application              : No active profile set, falling back to default profiles: default
2016-11-17 18:36:31.827  INFO 45594 --- [           main] ationConfigEmbeddedWebApplicationContext : Refreshing org.springframework.boot.context.embedded.AnnotationConfigEmbeddedWebApplicationContext@3fa77460: startup date [Thu Nov 17 18:36:31 IST 2016]; root of context hierarchy
2016-11-17 18:36:33.456  INFO 45594 --- [           main] s.b.c.e.t.TomcatEmbeddedServletContainer : Tomcat initialized with port(s): 9991 (http)
2016-11-17 18:36:33.468  INFO 45594 --- [           main] o.apache.catalina.core.StandardService   : Starting service Tomcat
2016-11-17 18:36:33.469  INFO 45594 --- [           main] org.apache.catalina.core.StandardEngine  : Starting Servlet Engine: Apache Tomcat/8.5.6
2016-11-17 18:36:33.615  INFO 45594 --- [ost-startStop-1] o.a.c.c.C.[Tomcat].[localhost].[/]       : Initializing Spring embedded WebApplicationContext
2016-11-17 18:36:33.615  INFO 45594 --- [ost-startStop-1] o.s.web.context.ContextLoader            : Root WebApplicationContext: initialization completed in 1790 ms
2016-11-17 18:36:33.798  INFO 45594 --- [ost-startStop-1] o.s.b.w.servlet.ServletRegistrationBean  : Mapping servlet: 'dispatcherServlet' to [/]
2016-11-17 18:36:33.802  INFO 45594 --- [ost-startStop-1] o.s.b.w.servlet.FilterRegistrationBean   : Mapping filter: 'metricsFilter' to: [/*]
2016-11-17 18:36:33.802  INFO 45594 --- [ost-startStop-1] o.s.b.w.servlet.FilterRegistrationBean   : Mapping filter: 'characterEncodingFilter' to: [/*]
2016-11-17 18:36:33.802  INFO 45594 --- [ost-startStop-1] o.s.b.w.servlet.FilterRegistrationBean   : Mapping filter: 'hiddenHttpMethodFilter' to: [/*]
2016-11-17 18:36:33.802  INFO 45594 --- [ost-startStop-1] o.s.b.w.servlet.FilterRegistrationBean   : Mapping filter: 'httpPutFormContentFilter' to: [/*]
2016-11-17 18:36:33.802  INFO 45594 --- [ost-startStop-1] o.s.b.w.servlet.FilterRegistrationBean   : Mapping filter: 'requestContextFilter' to: [/*]
2016-11-17 18:36:33.802  INFO 45594 --- [ost-startStop-1] o.s.b.w.servlet.FilterRegistrationBean   : Mapping filter: 'webRequestLoggingFilter' to: [/*]
2016-11-17 18:36:33.802  INFO 45594 --- [ost-startStop-1] o.s.b.w.servlet.FilterRegistrationBean   : Mapping filter: 'applicationContextIdFilter' to: [/*]
2016-11-17 18:36:34.150  INFO 45594 --- [           main] s.w.s.m.m.a.RequestMappingHandlerAdapter : Looking for @ControllerAdvice: org.springframework.boot.context.embedded.AnnotationConfigEmbeddedWebApplicationContext@3fa77460: startup date [Thu Nov 17 18:36:31 IST 2016]; root of context hierarchy
2016-11-17 18:36:34.235  INFO 45594 --- [           main] s.w.s.m.m.a.RequestMappingHandlerMapping : Mapped "{[/appinfo]}" onto public java.lang.String com.webapp.main.AppController.appInfo(java.lang.String,org.springframework.ui.Model)
2016-11-17 18:36:34.237  INFO 45594 --- [           main] s.w.s.m.m.a.RequestMappingHandlerMapping : Mapped "{[/error]}" onto public org.springframework.http.ResponseEntity<java.util.Map<java.lang.String, java.lang.Object>> org.springframework.boot.autoconfigure.web.BasicErrorController.error(javax.servlet.http.HttpServletRequest)
2016-11-17 18:36:34.238  INFO 45594 --- [           main] s.w.s.m.m.a.RequestMappingHandlerMapping : Mapped "{[/error],produces=[text/html]}" onto public org.springframework.web.servlet.ModelAndView org.springframework.boot.autoconfigure.web.BasicErrorController.errorHtml(javax.servlet.http.HttpServletRequest,javax.servlet.http.HttpServletResponse)
2016-11-17 18:36:34.268  INFO 45594 --- [           main] o.s.w.s.handler.SimpleUrlHandlerMapping  : Mapped URL path [/webjars/**] onto handler of type [class org.springframework.web.servlet.resource.ResourceHttpRequestHandler]
2016-11-17 18:36:34.269  INFO 45594 --- [           main] o.s.w.s.handler.SimpleUrlHandlerMapping  : Mapped URL path [/**] onto handler of type [class org.springframework.web.servlet.resource.ResourceHttpRequestHandler]
2016-11-17 18:36:34.300  INFO 45594 --- [           main] o.s.w.s.handler.SimpleUrlHandlerMapping  : Mapped URL path [/**/favicon.ico] onto handler of type [class org.springframework.web.servlet.resource.ResourceHttpRequestHandler]
2016-11-17 18:36:34.612  INFO 45594 --- [           main] oConfiguration$WelcomePageHandlerMapping : Adding welcome page: class path resource [static/index.html]
2016-11-17 18:36:34.839  INFO 45594 --- [           main] o.s.b.a.e.mvc.EndpointHandlerMapping     : Mapped "{[/info || /info.json],methods=[GET],produces=[application/json]}" onto public java.lang.Object org.springframework.boot.actuate.endpoint.mvc.EndpointMvcAdapter.invoke()
2016-11-17 18:36:34.839  INFO 45594 --- [           main] o.s.b.a.e.mvc.EndpointHandlerMapping     : Mapped "{[/beans || /beans.json],methods=[GET],produces=[application/json]}" onto public java.lang.Object org.springframework.boot.actuate.endpoint.mvc.EndpointMvcAdapter.invoke()
2016-11-17 18:36:34.840  INFO 45594 --- [           main] o.s.b.a.e.mvc.EndpointHandlerMapping     : Mapped "{[/heapdump || /heapdump.json],methods=[GET],produces=[application/octet-stream]}" onto public void org.springframework.boot.actuate.endpoint.mvc.HeapdumpMvcEndpoint.invoke(boolean,javax.servlet.http.HttpServletRequest,javax.servlet.http.HttpServletResponse) throws java.io.IOException,javax.servlet.ServletException
2016-11-17 18:36:34.840  INFO 45594 --- [           main] o.s.b.a.e.mvc.EndpointHandlerMapping     : Mapped "{[/autoconfig || /autoconfig.json],methods=[GET],produces=[application/json]}" onto public java.lang.Object org.springframework.boot.actuate.endpoint.mvc.EndpointMvcAdapter.invoke()
2016-11-17 18:36:34.841  INFO 45594 --- [           main] o.s.b.a.e.mvc.EndpointHandlerMapping     : Mapped "{[/configprops || /configprops.json],methods=[GET],produces=[application/json]}" onto public java.lang.Object org.springframework.boot.actuate.endpoint.mvc.EndpointMvcAdapter.invoke()
2016-11-17 18:36:34.844  INFO 45594 --- [           main] o.s.b.a.e.mvc.EndpointHandlerMapping     : Mapped "{[/mappings || /mappings.json],methods=[GET],produces=[application/json]}" onto public java.lang.Object org.springframework.boot.actuate.endpoint.mvc.EndpointMvcAdapter.invoke()
2016-11-17 18:36:34.845  INFO 45594 --- [           main] o.s.b.a.e.mvc.EndpointHandlerMapping     : Mapped "{[/metrics/{name:.*}],methods=[GET],produces=[application/json]}" onto public java.lang.Object org.springframework.boot.actuate.endpoint.mvc.MetricsMvcEndpoint.value(java.lang.String)
2016-11-17 18:36:34.845  INFO 45594 --- [           main] o.s.b.a.e.mvc.EndpointHandlerMapping     : Mapped "{[/metrics || /metrics.json],methods=[GET],produces=[application/json]}" onto public java.lang.Object org.springframework.boot.actuate.endpoint.mvc.EndpointMvcAdapter.invoke()
2016-11-17 18:36:34.846  INFO 45594 --- [           main] o.s.b.a.e.mvc.EndpointHandlerMapping     : Mapped "{[/health || /health.json],produces=[application/json]}" onto public java.lang.Object org.springframework.boot.actuate.endpoint.mvc.HealthMvcEndpoint.invoke(java.security.Principal)
2016-11-17 18:36:34.849  INFO 45594 --- [           main] o.s.b.a.e.mvc.EndpointHandlerMapping     : Mapped "{[/dump || /dump.json],methods=[GET],produces=[application/json]}" onto public java.lang.Object org.springframework.boot.actuate.endpoint.mvc.EndpointMvcAdapter.invoke()
2016-11-17 18:36:34.853  INFO 45594 --- [           main] o.s.b.a.e.mvc.EndpointHandlerMapping     : Mapped "{[/env/{name:.*}],methods=[GET],produces=[application/json]}" onto public java.lang.Object org.springframework.boot.actuate.endpoint.mvc.EnvironmentMvcEndpoint.value(java.lang.String)
2016-11-17 18:36:34.854  INFO 45594 --- [           main] o.s.b.a.e.mvc.EndpointHandlerMapping     : Mapped "{[/env || /env.json],methods=[GET],produces=[application/json]}" onto public java.lang.Object org.springframework.boot.actuate.endpoint.mvc.EndpointMvcAdapter.invoke()
2016-11-17 18:36:34.856  INFO 45594 --- [           main] o.s.b.a.e.mvc.EndpointHandlerMapping     : Mapped "{[/shutdown || /shutdown.json],methods=[POST]}" onto public java.lang.Object org.springframework.boot.actuate.endpoint.mvc.ShutdownMvcEndpoint.invoke()
2016-11-17 18:36:34.856  INFO 45594 --- [           main] o.s.b.a.e.mvc.EndpointHandlerMapping     : Mapped "{[/trace || /trace.json],methods=[GET],produces=[application/json]}" onto public java.lang.Object org.springframework.boot.actuate.endpoint.mvc.EndpointMvcAdapter.invoke()
2016-11-17 18:36:34.970  INFO 45594 --- [           main] o.s.j.e.a.AnnotationMBeanExporter        : Registering beans for JMX exposure on startup
2016-11-17 18:36:34.978  INFO 45594 --- [           main] o.s.c.support.DefaultLifecycleProcessor  : Starting beans in phase 0
2016-11-17 18:36:35.102 ERROR 45594 --- [           main] o.a.coyote.http11.Http11NioProtocol      : Failed to start end point associated with ProtocolHandler [http-nio-9991]

java.net.BindException: Address already in use
	at sun.nio.ch.Net.bind0(Native Method) ~[na:1.8.0_91]
	at sun.nio.ch.Net.bind(Net.java:433) ~[na:1.8.0_91]
	at sun.nio.ch.Net.bind(Net.java:425) ~[na:1.8.0_91]
	at sun.nio.ch.ServerSocketChannelImpl.bind(ServerSocketChannelImpl.java:223) ~[na:1.8.0_91]
	at sun.nio.ch.ServerSocketAdaptor.bind(ServerSocketAdaptor.java:74) ~[na:1.8.0_91]
	at org.apache.tomcat.util.net.NioEndpoint.bind(NioEndpoint.java:228) ~[tomcat-embed-core-8.5.6.jar!/:8.5.6]
	at org.apache.tomcat.util.net.AbstractEndpoint.start(AbstractEndpoint.java:874) ~[tomcat-embed-core-8.5.6.jar!/:8.5.6]
	at org.apache.coyote.AbstractProtocol.start(AbstractProtocol.java:590) ~[tomcat-embed-core-8.5.6.jar!/:8.5.6]
	at org.apache.catalina.connector.Connector.startInternal(Connector.java:969) [tomcat-embed-core-8.5.6.jar!/:8.5.6]
	at org.apache.catalina.util.LifecycleBase.start(LifecycleBase.java:150) [tomcat-embed-core-8.5.6.jar!/:8.5.6]
	at org.apache.catalina.core.StandardService.addConnector(StandardService.java:225) [tomcat-embed-core-8.5.6.jar!/:8.5.6]
	at org.springframework.boot.context.embedded.tomcat.TomcatEmbeddedServletContainer.addPreviouslyRemovedConnectors(TomcatEmbeddedServletContainer.java:233) [spring-boot-1.4.2.RELEASE.jar!/:1.4.2.RELEASE]
	at org.springframework.boot.context.embedded.tomcat.TomcatEmbeddedServletContainer.start(TomcatEmbeddedServletContainer.java:178) [spring-boot-1.4.2.RELEASE.jar!/:1.4.2.RELEASE]
	at org.springframework.boot.context.embedded.EmbeddedWebApplicationContext.startEmbeddedServletContainer(EmbeddedWebApplicationContext.java:297) [spring-boot-1.4.2.RELEASE.jar!/:1.4.2.RELEASE]
	at org.springframework.boot.context.embedded.EmbeddedWebApplicationContext.finishRefresh(EmbeddedWebApplicationContext.java:145) [spring-boot-1.4.2.RELEASE.jar!/:1.4.2.RELEASE]
	at org.springframework.context.support.AbstractApplicationContext.refresh(AbstractApplicationContext.java:545) [spring-context-4.3.4.RELEASE.jar!/:4.3.4.RELEASE]
	at org.springframework.boot.context.embedded.EmbeddedWebApplicationContext.refresh(EmbeddedWebApplicationContext.java:122) [spring-boot-1.4.2.RELEASE.jar!/:1.4.2.RELEASE]
	at org.springframework.boot.SpringApplication.refresh(SpringApplication.java:761) [spring-boot-1.4.2.RELEASE.jar!/:1.4.2.RELEASE]
	at org.springframework.boot.SpringApplication.refreshContext(SpringApplication.java:371) [spring-boot-1.4.2.RELEASE.jar!/:1.4.2.RELEASE]
	at org.springframework.boot.SpringApplication.run(SpringApplication.java:315) [spring-boot-1.4.2.RELEASE.jar!/:1.4.2.RELEASE]
	at org.springframework.boot.SpringApplication.run(SpringApplication.java:1186) [spring-boot-1.4.2.RELEASE.jar!/:1.4.2.RELEASE]
	at org.springframework.boot.SpringApplication.run(SpringApplication.java:1175) [spring-boot-1.4.2.RELEASE.jar!/:1.4.2.RELEASE]
	at com.webapp.main.Application.main(Application.java:12) [classes!/:0.1.0]
	at sun.reflect.NativeMethodAccessorImpl.invoke0(Native Method) ~[na:1.8.0_91]
	at sun.reflect.NativeMethodAccessorImpl.invoke(NativeMethodAccessorImpl.java:62) ~[na:1.8.0_91]
	at sun.reflect.DelegatingMethodAccessorImpl.invoke(DelegatingMethodAccessorImpl.java:43) ~[na:1.8.0_91]
	at java.lang.reflect.Method.invoke(Method.java:498) ~[na:1.8.0_91]
	at org.springframework.boot.loader.MainMethodRunner.run(MainMethodRunner.java:48) [webapp1-0.1.0.jar:0.1.0]
	at org.springframework.boot.loader.Launcher.launch(Launcher.java:87) [webapp1-0.1.0.jar:0.1.0]
	at org.springframework.boot.loader.Launcher.launch(Launcher.java:50) [webapp1-0.1.0.jar:0.1.0]
	at org.springframework.boot.loader.JarLauncher.main(JarLauncher.java:58) [webapp1-0.1.0.jar:0.1.0]

2016-11-17 18:36:35.143 ERROR 45594 --- [           main] o.apache.catalina.core.StandardService   : Failed to start connector [Connector[HTTP/1.1-9991]]

org.apache.catalina.LifecycleException: Failed to start component [Connector[HTTP/1.1-9991]]
	at org.apache.catalina.util.LifecycleBase.start(LifecycleBase.java:167) ~[tomcat-embed-core-8.5.6.jar!/:8.5.6]
	at org.apache.catalina.core.StandardService.addConnector(StandardService.java:225) ~[tomcat-embed-core-8.5.6.jar!/:8.5.6]
	at org.springframework.boot.context.embedded.tomcat.TomcatEmbeddedServletContainer.addPreviouslyRemovedConnectors(TomcatEmbeddedServletContainer.java:233) [spring-boot-1.4.2.RELEASE.jar!/:1.4.2.RELEASE]
	at org.springframework.boot.context.embedded.tomcat.TomcatEmbeddedServletContainer.start(TomcatEmbeddedServletContainer.java:178) [spring-boot-1.4.2.RELEASE.jar!/:1.4.2.RELEASE]
	at org.springframework.boot.context.embedded.EmbeddedWebApplicationContext.startEmbeddedServletContainer(EmbeddedWebApplicationContext.java:297) [spring-boot-1.4.2.RELEASE.jar!/:1.4.2.RELEASE]
	at org.springframework.boot.context.embedded.EmbeddedWebApplicationContext.finishRefresh(EmbeddedWebApplicationContext.java:145) [spring-boot-1.4.2.RELEASE.jar!/:1.4.2.RELEASE]
	at org.springframework.context.support.AbstractApplicationContext.refresh(AbstractApplicationContext.java:545) [spring-context-4.3.4.RELEASE.jar!/:4.3.4.RELEASE]
	at org.springframework.boot.context.embedded.EmbeddedWebApplicationContext.refresh(EmbeddedWebApplicationContext.java:122) [spring-boot-1.4.2.RELEASE.jar!/:1.4.2.RELEASE]
	at org.springframework.boot.SpringApplication.refresh(SpringApplication.java:761) [spring-boot-1.4.2.RELEASE.jar!/:1.4.2.RELEASE]
	at org.springframework.boot.SpringApplication.refreshContext(SpringApplication.java:371) [spring-boot-1.4.2.RELEASE.jar!/:1.4.2.RELEASE]
	at org.springframework.boot.SpringApplication.run(SpringApplication.java:315) [spring-boot-1.4.2.RELEASE.jar!/:1.4.2.RELEASE]
	at org.springframework.boot.SpringApplication.run(SpringApplication.java:1186) [spring-boot-1.4.2.RELEASE.jar!/:1.4.2.RELEASE]
	at org.springframework.boot.SpringApplication.run(SpringApplication.java:1175) [spring-boot-1.4.2.RELEASE.jar!/:1.4.2.RELEASE]
	at com.webapp.main.Application.main(Application.java:12) [classes!/:0.1.0]
	at sun.reflect.NativeMethodAccessorImpl.invoke0(Native Method) ~[na:1.8.0_91]
	at sun.reflect.NativeMethodAccessorImpl.invoke(NativeMethodAccessorImpl.java:62) ~[na:1.8.0_91]
	at sun.reflect.DelegatingMethodAccessorImpl.invoke(DelegatingMethodAccessorImpl.java:43) ~[na:1.8.0_91]
	at java.lang.reflect.Method.invoke(Method.java:498) ~[na:1.8.0_91]
	at org.springframework.boot.loader.MainMethodRunner.run(MainMethodRunner.java:48) [webapp1-0.1.0.jar:0.1.0]
	at org.springframework.boot.loader.Launcher.launch(Launcher.java:87) [webapp1-0.1.0.jar:0.1.0]
	at org.springframework.boot.loader.Launcher.launch(Launcher.java:50) [webapp1-0.1.0.jar:0.1.0]
	at org.springframework.boot.loader.JarLauncher.main(JarLauncher.java:58) [webapp1-0.1.0.jar:0.1.0]
Caused by: org.apache.catalina.LifecycleException: service.getName(): "Tomcat";  Protocol handler start failed
	at org.apache.catalina.connector.Connector.startInternal(Connector.java:976) ~[tomcat-embed-core-8.5.6.jar!/:8.5.6]
	at org.apache.catalina.util.LifecycleBase.start(LifecycleBase.java:150) ~[tomcat-embed-core-8.5.6.jar!/:8.5.6]
	... 21 common frames omitted
Caused by: java.net.BindException: Address already in use
	at sun.nio.ch.Net.bind0(Native Method) ~[na:1.8.0_91]
	at sun.nio.ch.Net.bind(Net.java:433) ~[na:1.8.0_91]
	at sun.nio.ch.Net.bind(Net.java:425) ~[na:1.8.0_91]
	at sun.nio.ch.ServerSocketChannelImpl.bind(ServerSocketChannelImpl.java:223) ~[na:1.8.0_91]
	at sun.nio.ch.ServerSocketAdaptor.bind(ServerSocketAdaptor.java:74) ~[na:1.8.0_91]
	at org.apache.tomcat.util.net.NioEndpoint.bind(NioEndpoint.java:228) ~[tomcat-embed-core-8.5.6.jar!/:8.5.6]
	at org.apache.tomcat.util.net.AbstractEndpoint.start(AbstractEndpoint.java:874) ~[tomcat-embed-core-8.5.6.jar!/:8.5.6]
	at org.apache.coyote.AbstractProtocol.start(AbstractProtocol.java:590) ~[tomcat-embed-core-8.5.6.jar!/:8.5.6]
	at org.apache.catalina.connector.Connector.startInternal(Connector.java:969) ~[tomcat-embed-core-8.5.6.jar!/:8.5.6]
	... 22 common frames omitted

2016-11-17 18:36:35.236  INFO 45594 --- [           main] o.apache.catalina.core.StandardService   : Stopping service Tomcat
2016-11-17 18:36:35.246  INFO 45594 --- [           main] utoConfigurationReportLoggingInitializer : 

Error starting ApplicationContext. To display the auto-configuration report re-run your application with 'debug' enabled.
2016-11-17 18:36:35.251 ERROR 45594 --- [           main] o.s.b.d.LoggingFailureAnalysisReporter   : 

***************************
APPLICATION FAILED TO START
***************************

Description:

The Tomcat connector configured to listen on port 9991 failed to start. The port may already be in use or the connector may be misconfigured.

Action:

Verify the connector's configuration, identify and stop any process that's listening on port 9991, or configure this application to listen on another port.

2016-11-17 18:36:35.288  INFO 45594 --- [           main] ationConfigEmbeddedWebApplicationContext : Closing org.springframework.boot.context.embedded.AnnotationConfigEmbeddedWebApplicationContext@3fa77460: startup date [Thu Nov 17 18:36:31 IST 2016]; root of context hierarchy
2016-11-17 18:36:35.289  INFO 45594 --- [           main] o.s.c.support.DefaultLifecycleProcessor  : Stopping beans in phase 0
2016-11-17 18:36:35.314  INFO 45594 --- [           main] o.s.j.e.a.AnnotationMBeanExporter        : Unregistering JMX-exposed beans on shutdown
